PROMO: 2024/09/19 15:17:38 handling.go:77: ------------
PROMO: 2024/09/19 15:17:38 handling.go:79: promo function called with method POST
PROMO: 2024/09/19 15:17:38 handling.go:84: Processing POST request 65
PROMO: 2024/09/19 15:17:38 handling.go:92: Received category:  Wheels and count:  9 73
PROMO: 2024/09/19 15:17:40 handling.go:95: Sending response:  {[WRWAHJOLSPIALQSQJQEOOAKORRYGUQWUOJOJWQOLYSAAPSYQRQGIQAKUSAJSFHKSDRGFQTSDUGDLYRYAPKYDTLKDFJ OKGWALPWUDIOPOYEWHUTWGPGEFGUQETRKPUAIQHGPJKYFKHAEHPGAUFISTRTIYAREATKJRFAFEGQTPKQJYGKSWAHST AAPFEEYERWUWGWGDJKTRJKOGIIOOIUSEHRSDQJQJQWROADUQHTEIIGTRHARSTHPSQYFDURYWGUKPFDEJWWIWSGREKI DGHKGWLWHDOKHQASRSGGGDOPDTAGKWWYWJEOQKDHWQRHKFLWYYAITPFEKUUAAASOPFIEGWRGRTATFYERWGRUESGSOL WHHHSYOIOSDGKELSDUPSRLFGRUKERGHDKKHTJOGJQJIQRHJTDHQRLHYPRFAKRYYAWIOHPYEFGPPPIOTSUWIUQOPQEA UTOYRIRARKRSJKQTKHJUSFUKPDFSPDHPSOQJTFGFHEKFPUQYJGGFRLQOUAUDAFDUKFKLOFPAYYHAPGQPEOTTYHDTAP JRLDIEWELDFPKUKTHKGEDFHITWIUYWYQQRJPQASWTDWLLTHTYWKIAHUOPUOLAHKQLPEUPDYUQYKHJATOGRYGIIJKEE FYDODJERWWJPUHOGUAARKEPSEQWTWYODQASSEJPLOUHYAYQTYSFRHYDWHUOYJOHRAGDQUTAPYEPYUTKJQOTSUGJJOI JIFEILREKUDSRLEAYSGJEFFLFKEIRODKGGTTTETDRQELRTLGLADOEFFSOIITRKDTEALYSYSEKOSUYUTGDAFHDFSUJL]}
PROMO: 2024/09/19 15:17:40 handling.go:101: ------------
PROMO: 2024/09/19 15:17:42 handling.go:77: ------------
PROMO: 2024/09/19 15:17:42 handling.go:79: promo function called with method POST
PROMO: 2024/09/19 15:17:42 handling.go:84: Processing POST request 65
PROMO: 2024/09/19 15:17:42 handling.go:92: Received category:  Wheels and count:  6 73
PROMO: 2024/09/19 15:17:44 handling.go:95: Sending response:  {[ASQHRFIYOULEEFAQFWAHQULPHTUAWWLQLPHIWSYFKGGDAPKTPWEOUESUUHFT SIKTIGKDLLQOPUUJRLAHGIPJAAAHOGRGRSUGFHYOEAQWQYSRAFSLSGUDGDKS EUYIRSDDEWIUOWIGIRIOJPLTULDTUJPQHIFYKPQPILIEEOKLYDWQHFYUJHYJ SIWDIEKQTTRKSQJWLYDSLTKYQSYSLPPLTEYPTEAHWPLSUJIOTSOKEDLHAFJH KHDPLUTHQFKAPUSRRFAKAHSUGTOLEPIHOKYHIGPLUHGJDAHFIRUGKRPTFTHO EPJHRLWYQAPKFAFSFPFSLGSRSFPIJGFGRTHTATATPKJLOWIJOLEDQLUFYGUJ]}
PROMO: 2024/09/19 15:17:44 handling.go:101: ------------
PROMO: 2024/09/19 15:17:45 handling.go:77: ------------
PROMO: 2024/09/19 15:17:45 handling.go:79: promo function called with method POST
PROMO: 2024/09/19 15:17:45 handling.go:84: Processing POST request 65
PROMO: 2024/09/19 15:17:45 handling.go:92: Received category:  Wheels and count:  2 73
PROMO: 2024/09/19 15:17:45 handling.go:95: Sending response:  {[HKUHWYDDUKFPDYLTWUQW HQAOETEIJHIIWWQPGKUS]}
PROMO: 2024/09/19 15:17:45 handling.go:101: ------------
PROMO: 2024/09/19 15:17:51 handling.go:77: ------------
PROMO: 2024/09/19 15:17:51 handling.go:79: promo function called with method POST
PROMO: 2024/09/19 15:17:51 handling.go:84: Processing POST request 65
PROMO: 2024/09/19 15:17:51 handling.go:92: Received category:  Wheels and count:  1 73
PROMO: 2024/09/19 15:17:52 handling.go:95: Sending response:  {[QKPTIYTSEL]}
PROMO: 2024/09/19 15:17:52 handling.go:101: ------------
